2021-05-31 00:05:42.178  INFO 18007 --- [main] c.awesome.cab.cab.CabGatewayApplication  : Starting CabGatewayApplication using Java 1.8.0_272 on canela with PID 18007 (/home/d4p50n/projects/my_awesome_cab/cab_gateway/target/classes started by d4p50n in /home/d4p50n/projects/my_awesome_cab/cab_test)
2021-05-31 00:05:42.186  INFO 18007 --- [main] c.awesome.cab.cab.CabGatewayApplication  : No active profile set, falling back to default profiles: default
2021-05-31 00:05:42.326  WARN 18007 --- [background-preinit] o.s.h.c.j.Jackson2ObjectMapperBuilder    : For Jackson Kotlin classes support please add "com.fasterxml.jackson.module:jackson-module-kotlin" to the classpath
2021-05-31 00:05:43.008  INFO 18007 --- [main] .s.d.r.c.RepositoryConfigurationDelegate : Bootstrapping Spring Data JPA repositories in DEFAULT mode.
2021-05-31 00:05:43.052  INFO 18007 --- [main] .s.d.r.c.RepositoryConfigurationDelegate : Finished Spring Data repository scanning in 37 ms. Found 2 JPA repository interfaces.
2021-05-31 00:05:43.489  INFO 18007 --- [main] o.s.b.w.embedded.tomcat.TomcatWebServer  : Tomcat initialized with port(s): 9025 (http)
2021-05-31 00:05:43.496  INFO 18007 --- [main] o.apache.catalina.core.StandardService   : Starting service [Tomcat]
2021-05-31 00:05:43.496  INFO 18007 --- [main] org.apache.catalina.core.StandardEngine  : Starting Servlet engine: [Apache Tomcat/9.0.46]
2021-05-31 00:05:43.561  INFO 18007 --- [main] o.a.c.c.C.[.[localhost].[/api/v1]        : Initializing Spring embedded WebApplicationContext
2021-05-31 00:05:43.562  INFO 18007 --- [main] w.s.c.ServletWebServerApplicationContext : Root WebApplicationContext: initialization completed in 1287 ms
2021-05-31 00:05:43.602  WARN 18007 --- [main] ConfigServletWebServerApplicationContext : Exception encountered during context initialization - cancelling refresh attempt: org.springframework.beans.factory.UnsatisfiedDependencyException: Error creating bean with name 'dataSourceScriptDatabaseInitializer' defined in class path resource [org/springframework/boot/autoconfigure/sql/init/DataSourceInitializationConfiguration.class]: Unsatisfied dependency expressed through method 'dataSourceScriptDatabaseInitializer' parameter 0; nested exception is org.springframework.beans.factory.BeanCreationException: Error creating bean with name 'dataSource' defined in class path resource [org/springframework/boot/autoconfigure/jdbc/DataSourceConfiguration$Hikari.class]: Bean instantiation via factory method failed; nested exception is org.springframework.beans.BeanInstantiationException: Failed to instantiate [com.zaxxer.hikari.HikariDataSource]: Factory method 'dataSource' threw exception; nested exception is org.springframework.boot.autoconfigure.jdbc.DataSourceProperties$DataSourceBeanCreationException: Failed to determine a suitable driver class
2021-05-31 00:05:43.604  INFO 18007 --- [main] o.apache.catalina.core.StandardService   : Stopping service [Tomcat]
2021-05-31 00:05:43.617  INFO 18007 --- [main] ConditionEvaluationReportLoggingListener : 

Error starting ApplicationContext. To display the conditions report re-run your application with 'debug' enabled.
2021-05-31 00:05:43.629 ERROR 18007 --- [main] o.s.b.d.LoggingFailureAnalysisReporter   : 

***************************
APPLICATION FAILED TO START
***************************

Description:

Failed to configure a DataSource: 'url' attribute is not specified and no embedded datasource could be configured.

Reason: Failed to determine a suitable driver class


Action:

Consider the following:
	If you want an embedded database (H2, HSQL or Derby), please put it on the classpath.
	If you have database settings to be loaded from a particular profile you may need to activate it (no profiles are currently active).

