2021-05-30 07:50:21.377  INFO 30052 --- [main] com.awesome.com.awesome.cab.cab.com.awesome.cab.cab.CabApplication       : Starting CabApplication using Java 1.8.0_272 on canela with PID 30052 (/home/d4p50n/projects/my_awesome_cab/cab_user/target/classes started by d4p50n in /home/d4p50n/projects/my_awesome_cab/cab_test)
2021-05-30 07:50:21.383  INFO 30052 --- [main] com.awesome.com.awesome.cab.cab.com.awesome.cab.cab.CabApplication       : No active profile set, falling back to default profiles: default
2021-05-30 07:50:21.459  WARN 30052 --- [background-preinit] o.s.h.c.j.Jackson2ObjectMapperBuilder    : For Jackson Kotlin classes support please add "com.fasterxml.jackson.module:jackson-module-kotlin" to the classpath
2021-05-30 07:50:22.297  INFO 30052 --- [main] .s.d.r.c.RepositoryConfigurationDelegate : Bootstrapping Spring Data JPA repositories in DEFAULT mode.
2021-05-30 07:50:22.340  INFO 30052 --- [main] .s.d.r.c.RepositoryConfigurationDelegate : Finished Spring Data repository scanning in 36 ms. Found 3 JPA repository interfaces.
2021-05-30 07:50:22.777  INFO 30052 --- [main] o.s.b.w.embedded.tomcat.TomcatWebServer  : Tomcat initialized with port(s): 9081 (http)
2021-05-30 07:50:22.783  INFO 30052 --- [main] o.apache.catalina.core.StandardService   : Starting service [Tomcat]
2021-05-30 07:50:22.783  INFO 30052 --- [main] org.apache.catalina.core.StandardEngine  : Starting Servlet engine: [Apache Tomcat/9.0.46]
2021-05-30 07:50:22.849  INFO 30052 --- [main] o.a.c.c.C.[.[localhost].[/api/v1]        : Initializing Spring embedded WebApplicationContext
2021-05-30 07:50:22.850  INFO 30052 --- [main] w.s.c.ServletWebServerApplicationContext : Root WebApplicationContext: initialization completed in 1400 ms
2021-05-30 07:50:22.960  INFO 30052 --- [main] o.hibernate.jpa.internal.util.LogHelper  : HHH000204: Processing PersistenceUnitInfo [name: default]
2021-05-30 07:50:22.991  INFO 30052 --- [main] org.hibernate.Version                    : HHH000412: Hibernate ORM core version 5.4.31.Final
2021-05-30 07:50:23.068  INFO 30052 --- [main] o.hibernate.annotations.common.Version   : HCANN000001: Hibernate Commons Annotations {5.1.2.Final}
2021-05-30 07:50:23.182  INFO 30052 --- [main] com.zaxxer.hikari.HikariDataSource       : HikariPool-1 - Starting...
2021-05-30 07:50:23.400  INFO 30052 --- [main] com.zaxxer.hikari.HikariDataSource       : HikariPool-1 - Start completed.
2021-05-30 07:50:23.409  INFO 30052 --- [main] org.hibernate.dialect.Dialect            : HHH000400: Using dialect: org.hibernate.dialect.MySQL5InnoDBDialect
2021-05-30 07:50:23.874  INFO 30052 --- [main] o.h.e.t.j.p.i.JtaPlatformInitiator       : HHH000490: Using JtaPlatform implementation: [org.hibernate.engine.transaction.jta.platform.internal.NoJtaPlatform]
2021-05-30 07:50:23.887  INFO 30052 --- [main] j.LocalContainerEntityManagerFactoryBean : Initialized JPA EntityManagerFactory for persistence unit 'default'
2021-05-30 07:50:24.321  WARN 30052 --- [main] JpaBaseConfiguration$JpaWebConfiguration : spring.jpa.open-in-view is enabled by default. Therefore, database queries may be performed during view rendering. Explicitly configure spring.jpa.open-in-view to disable this warning
2021-05-30 07:50:25.161  INFO 30052 --- [main] o.s.b.w.embedded.tomcat.TomcatWebServer  : Tomcat started on port(s): 9081 (http) with context path '/api/v1'
2021-05-30 07:50:25.170  INFO 30052 --- [main] com.awesome.com.awesome.cab.cab.com.awesome.cab.cab.CabApplication       : Started CabApplication in 4.269 seconds (JVM running for 4.846)
2021-05-30 07:50:25.171  INFO 30052 --- [main] o.s.b.a.ApplicationAvailabilityBean      : Application availability state LivenessState changed to CORRECT
2021-05-30 07:50:25.172  INFO 30052 --- [main] o.s.b.a.ApplicationAvailabilityBean      : Application availability state ReadinessState changed to ACCEPTING_TRAFFIC
2021-05-30 07:51:24.363  INFO 30052 --- [http-nio-9081-exec-1] o.a.c.c.C.[.[localhost].[/api/v1]        : Initializing Spring DispatcherServlet 'dispatcherServlet'
2021-05-30 07:51:24.365  INFO 30052 --- [http-nio-9081-exec-1] o.s.web.servlet.DispatcherServlet        : Initializing Servlet 'dispatcherServlet'
2021-05-30 07:51:24.368  INFO 30052 --- [http-nio-9081-exec-1] o.s.web.servlet.DispatcherServlet        : Completed initialization in 3 ms
2021-05-30 07:51:27.351  WARN 30052 --- [http-nio-9081-exec-2] o.h.engine.jdbc.spi.SqlExceptionHelper   : SQL Error: 1062, SQLState: 23000
2021-05-30 07:51:27.351 ERROR 30052 --- [http-nio-9081-exec-2] o.h.engine.jdbc.spi.SqlExceptionHelper   : Duplicate entry 'customer@gmail.com' for key 'UK_ob8kqyqqgmefl0aco34akdtpe'
2021-05-30 07:51:35.293  INFO 30052 --- [http-nio-9081-exec-3] com.awesome.com.awesome.cab.cab.com.awesome.cab.cab.CabRunner            : geo location added successfully
2021-05-30 08:22:08.251  INFO 24805 --- [main] com.awesome.cab.cab.CabApplication       : Starting CabApplication using Java 1.8.0_272 on canela with PID 24805 (/home/d4p50n/projects/my_awesome_cab/cab_user/target/classes started by d4p50n in /home/d4p50n/projects/my_awesome_cab/cab_test)
2021-05-30 08:22:08.254  INFO 24805 --- [main] com.awesome.cab.cab.CabApplication       : No active profile set, falling back to default profiles: default
2021-05-30 08:22:08.443  WARN 24805 --- [background-preinit] o.s.h.c.j.Jackson2ObjectMapperBuilder    : For Jackson Kotlin classes support please add "com.fasterxml.jackson.module:jackson-module-kotlin" to the classpath
2021-05-30 08:22:09.242  INFO 24805 --- [main] .s.d.r.c.RepositoryConfigurationDelegate : Bootstrapping Spring Data JPA repositories in DEFAULT mode.
2021-05-30 08:22:09.289  INFO 24805 --- [main] .s.d.r.c.RepositoryConfigurationDelegate : Finished Spring Data repository scanning in 39 ms. Found 3 JPA repository interfaces.
2021-05-30 08:22:09.694  INFO 24805 --- [main] o.s.b.w.embedded.tomcat.TomcatWebServer  : Tomcat initialized with port(s): 9081 (http)
2021-05-30 08:22:09.703  INFO 24805 --- [main] o.apache.catalina.core.StandardService   : Starting service [Tomcat]
2021-05-30 08:22:09.703  INFO 24805 --- [main] org.apache.catalina.core.StandardEngine  : Starting Servlet engine: [Apache Tomcat/9.0.46]
2021-05-30 08:22:09.797  INFO 24805 --- [main] o.a.c.c.C.[.[localhost].[/api/v1]        : Initializing Spring embedded WebApplicationContext
2021-05-30 08:22:09.798  INFO 24805 --- [main] w.s.c.ServletWebServerApplicationContext : Root WebApplicationContext: initialization completed in 1422 ms
2021-05-30 08:22:09.973  INFO 24805 --- [main] o.hibernate.jpa.internal.util.LogHelper  : HHH000204: Processing PersistenceUnitInfo [name: default]
2021-05-30 08:22:10.004  INFO 24805 --- [main] org.hibernate.Version                    : HHH000412: Hibernate ORM core version 5.4.31.Final
2021-05-30 08:22:10.107  INFO 24805 --- [main] o.hibernate.annotations.common.Version   : HCANN000001: Hibernate Commons Annotations {5.1.2.Final}
2021-05-30 08:22:10.256  INFO 24805 --- [main] com.zaxxer.hikari.HikariDataSource       : HikariPool-1 - Starting...
2021-05-30 08:22:10.508  INFO 24805 --- [main] com.zaxxer.hikari.HikariDataSource       : HikariPool-1 - Start completed.
2021-05-30 08:22:10.518  INFO 24805 --- [main] org.hibernate.dialect.Dialect            : HHH000400: Using dialect: org.hibernate.dialect.MySQL5InnoDBDialect
2021-05-30 08:22:11.175  INFO 24805 --- [main] o.h.e.t.j.p.i.JtaPlatformInitiator       : HHH000490: Using JtaPlatform implementation: [org.hibernate.engine.transaction.jta.platform.internal.NoJtaPlatform]
2021-05-30 08:22:11.194  INFO 24805 --- [main] j.LocalContainerEntityManagerFactoryBean : Initialized JPA EntityManagerFactory for persistence unit 'default'
2021-05-30 08:22:11.208  WARN 24805 --- [main] ConfigServletWebServerApplicationContext : Exception encountered during context initialization - cancelling refresh attempt: org.springframework.beans.factory.BeanCreationException: Error creating bean with name 'cabUserRunner' defined in file [/home/d4p50n/projects/my_awesome_cab/cab_user/target/classes/com/awesome/cab/cab/CabUserRunner.class]: Initialization of bean failed; nested exception is java.lang.IllegalArgumentException: Could not resolve placeholder 'docker.kafka.topic' in value "${docker.kafka.topic}"
2021-05-30 08:22:11.209  INFO 24805 --- [main] j.LocalContainerEntityManagerFactoryBean : Closing JPA EntityManagerFactory for persistence unit 'default'
2021-05-30 08:22:11.212  INFO 24805 --- [main] com.zaxxer.hikari.HikariDataSource       : HikariPool-1 - Shutdown initiated...
2021-05-30 08:22:11.223  INFO 24805 --- [main] com.zaxxer.hikari.HikariDataSource       : HikariPool-1 - Shutdown completed.
2021-05-30 08:22:11.226  INFO 24805 --- [main] o.apache.catalina.core.StandardService   : Stopping service [Tomcat]
2021-05-30 08:22:11.240  INFO 24805 --- [main] ConditionEvaluationReportLoggingListener : 

Error starting ApplicationContext. To display the conditions report re-run your application with 'debug' enabled.
2021-05-30 08:22:11.265 ERROR 24805 --- [main] o.s.boot.SpringApplication               : Application run failed

org.springframework.beans.factory.BeanCreationException: Error creating bean with name 'cabUserRunner' defined in file [/home/d4p50n/projects/my_awesome_cab/cab_user/target/classes/com/awesome/cab/cab/CabUserRunner.class]: Initialization of bean failed; nested exception is java.lang.IllegalArgumentException: Could not resolve placeholder 'docker.kafka.topic' in value "${docker.kafka.topic}"
	at org.springframework.beans.factory.support.AbstractAutowireCapableBeanFactory.doCreateBean(AbstractAutowireCapableBeanFactory.java:610) ~[spring-beans-5.3.7.jar:5.3.7]
	at org.springframework.beans.factory.support.AbstractAutowireCapableBeanFactory.createBean(AbstractAutowireCapableBeanFactory.java:524) ~[spring-beans-5.3.7.jar:5.3.7]
	at org.springframework.beans.factory.support.AbstractBeanFactory.lambda$doGetBean$0(AbstractBeanFactory.java:335) ~[spring-beans-5.3.7.jar:5.3.7]
	at org.springframework.beans.factory.support.DefaultSingletonBeanRegistry.getSingleton(DefaultSingletonBeanRegistry.java:234) ~[spring-beans-5.3.7.jar:5.3.7]
	at org.springframework.beans.factory.support.AbstractBeanFactory.doGetBean(AbstractBeanFactory.java:333) ~[spring-beans-5.3.7.jar:5.3.7]
	at org.springframework.beans.factory.support.AbstractBeanFactory.getBean(AbstractBeanFactory.java:208) ~[spring-beans-5.3.7.jar:5.3.7]
	at org.springframework.beans.factory.support.DefaultListableBeanFactory.preInstantiateSingletons(DefaultListableBeanFactory.java:944) ~[spring-beans-5.3.7.jar:5.3.7]
	at org.springframework.context.support.AbstractApplicationContext.finishBeanFactoryInitialization(AbstractApplicationContext.java:918) ~[spring-context-5.3.7.jar:5.3.7]
	at org.springframework.context.support.AbstractApplicationContext.refresh(AbstractApplicationContext.java:583) ~[spring-context-5.3.7.jar:5.3.7]
	at org.springframework.boot.web.servlet.context.ServletWebServerApplicationContext.refresh(ServletWebServerApplicationContext.java:145) ~[spring-boot-2.5.0.jar:2.5.0]
	at org.springframework.boot.SpringApplication.refresh(SpringApplication.java:758) [spring-boot-2.5.0.jar:2.5.0]
	at org.springframework.boot.SpringApplication.refreshContext(SpringApplication.java:438) [spring-boot-2.5.0.jar:2.5.0]
	at org.springframework.boot.SpringApplication.run(SpringApplication.java:337) [spring-boot-2.5.0.jar:2.5.0]
	at org.springframework.boot.SpringApplication.run(SpringApplication.java:1336) [spring-boot-2.5.0.jar:2.5.0]
	at org.springframework.boot.SpringApplication.run(SpringApplication.java:1325) [spring-boot-2.5.0.jar:2.5.0]
	at com.awesome.cab.cab.CabApplication.main(CabApplication.java:10) [classes/:na]
Caused by: java.lang.IllegalArgumentException: Could not resolve placeholder 'docker.kafka.topic' in value "${docker.kafka.topic}"
	at org.springframework.util.PropertyPlaceholderHelper.parseStringValue(PropertyPlaceholderHelper.java:180) ~[spring-core-5.3.7.jar:5.3.7]
	at org.springframework.util.PropertyPlaceholderHelper.replacePlaceholders(PropertyPlaceholderHelper.java:126) ~[spring-core-5.3.7.jar:5.3.7]
	at org.springframework.core.env.AbstractPropertyResolver.doResolvePlaceholders(AbstractPropertyResolver.java:239) ~[spring-core-5.3.7.jar:5.3.7]
	at org.springframework.core.env.AbstractPropertyResolver.resolveRequiredPlaceholders(AbstractPropertyResolver.java:210) ~[spring-core-5.3.7.jar:5.3.7]
	at org.springframework.context.support.PropertySourcesPlaceholderConfigurer.lambda$processProperties$0(PropertySourcesPlaceholderConfigurer.java:175) ~[spring-context-5.3.7.jar:5.3.7]
	at org.springframework.beans.factory.support.AbstractBeanFactory.resolveEmbeddedValue(AbstractBeanFactory.java:936) ~[spring-beans-5.3.7.jar:5.3.7]
	at org.springframework.kafka.annotation.KafkaListenerAnnotationBeanPostProcessor.resolve(KafkaListenerAnnotationBeanPostProcessor.java:871) ~[spring-kafka-2.7.1.jar:2.7.1]
	at org.springframework.kafka.annotation.KafkaListenerAnnotationBeanPostProcessor.resolveExpression(KafkaListenerAnnotationBeanPostProcessor.java:860) ~[spring-kafka-2.7.1.jar:2.7.1]
	at org.springframework.kafka.annotation.KafkaListenerAnnotationBeanPostProcessor.resolveTopics(KafkaListenerAnnotationBeanPostProcessor.java:656) ~[spring-kafka-2.7.1.jar:2.7.1]
	at org.springframework.kafka.annotation.KafkaListenerAnnotationBeanPostProcessor.doProcessKafkaListenerAnnotation(KafkaListenerAnnotationBeanPostProcessor.java:509) ~[spring-kafka-2.7.1.jar:2.7.1]
	at org.springframework.kafka.annotation.KafkaListenerAnnotationBeanPostProcessor.processListener(KafkaListenerAnnotationBeanPostProcessor.java:482) ~[spring-kafka-2.7.1.jar:2.7.1]
	at org.springframework.kafka.annotation.KafkaListenerAnnotationBeanPostProcessor.processKafkaListener(KafkaListenerAnnotationBeanPostProcessor.java:390) ~[spring-kafka-2.7.1.jar:2.7.1]
	at org.springframework.kafka.annotation.KafkaListenerAnnotationBeanPostProcessor.postProcessAfterInitialization(KafkaListenerAnnotationBeanPostProcessor.java:316) ~[spring-kafka-2.7.1.jar:2.7.1]
	at org.springframework.beans.factory.support.AbstractAutowireCapableBeanFactory.applyBeanPostProcessorsAfterInitialization(AbstractAutowireCapableBeanFactory.java:437) ~[spring-beans-5.3.7.jar:5.3.7]
	at org.springframework.beans.factory.support.AbstractAutowireCapableBeanFactory.initializeBean(AbstractAutowireCapableBeanFactory.java:1790) ~[spring-beans-5.3.7.jar:5.3.7]
	at org.springframework.beans.factory.support.AbstractAutowireCapableBeanFactory.doCreateBean(AbstractAutowireCapableBeanFactory.java:602) ~[spring-beans-5.3.7.jar:5.3.7]
	... 15 common frames omitted

2021-05-30 08:25:20.728  INFO 27199 --- [main] com.awesome.cab.cab.CabApplication       : Starting CabApplication using Java 1.8.0_272 on canela with PID 27199 (/home/d4p50n/projects/my_awesome_cab/cab_user/target/classes started by d4p50n in /home/d4p50n/projects/my_awesome_cab/cab_test)
2021-05-30 08:25:20.742  INFO 27199 --- [main] com.awesome.cab.cab.CabApplication       : No active profile set, falling back to default profiles: default
2021-05-30 08:25:20.876  WARN 27199 --- [background-preinit] o.s.h.c.j.Jackson2ObjectMapperBuilder    : For Jackson Kotlin classes support please add "com.fasterxml.jackson.module:jackson-module-kotlin" to the classpath
2021-05-30 08:25:21.730  INFO 27199 --- [main] .s.d.r.c.RepositoryConfigurationDelegate : Bootstrapping Spring Data JPA repositories in DEFAULT mode.
2021-05-30 08:25:21.768  INFO 27199 --- [main] .s.d.r.c.RepositoryConfigurationDelegate : Finished Spring Data repository scanning in 32 ms. Found 3 JPA repository interfaces.
2021-05-30 08:25:22.174  INFO 27199 --- [main] o.s.b.w.embedded.tomcat.TomcatWebServer  : Tomcat initialized with port(s): 9081 (http)
2021-05-30 08:25:22.181  INFO 27199 --- [main] o.apache.catalina.core.StandardService   : Starting service [Tomcat]
2021-05-30 08:25:22.181  INFO 27199 --- [main] org.apache.catalina.core.StandardEngine  : Starting Servlet engine: [Apache Tomcat/9.0.46]
2021-05-30 08:25:22.241  INFO 27199 --- [main] o.a.c.c.C.[.[localhost].[/api/v1]        : Initializing Spring embedded WebApplicationContext
2021-05-30 08:25:22.241  INFO 27199 --- [main] w.s.c.ServletWebServerApplicationContext : Root WebApplicationContext: initialization completed in 1381 ms
2021-05-30 08:25:22.352  INFO 27199 --- [main] o.hibernate.jpa.internal.util.LogHelper  : HHH000204: Processing PersistenceUnitInfo [name: default]
2021-05-30 08:25:22.384  INFO 27199 --- [main] org.hibernate.Version                    : HHH000412: Hibernate ORM core version 5.4.31.Final
2021-05-30 08:25:22.472  INFO 27199 --- [main] o.hibernate.annotations.common.Version   : HCANN000001: Hibernate Commons Annotations {5.1.2.Final}
2021-05-30 08:25:22.607  INFO 27199 --- [main] com.zaxxer.hikari.HikariDataSource       : HikariPool-1 - Starting...
2021-05-30 08:25:22.859  INFO 27199 --- [main] com.zaxxer.hikari.HikariDataSource       : HikariPool-1 - Start completed.
2021-05-30 08:25:22.872  INFO 27199 --- [main] org.hibernate.dialect.Dialect            : HHH000400: Using dialect: org.hibernate.dialect.MySQL5InnoDBDialect
2021-05-30 08:25:23.411  INFO 27199 --- [main] o.h.e.t.j.p.i.JtaPlatformInitiator       : HHH000490: Using JtaPlatform implementation: [org.hibernate.engine.transaction.jta.platform.internal.NoJtaPlatform]
2021-05-30 08:25:23.419  INFO 27199 --- [main] j.LocalContainerEntityManagerFactoryBean : Initialized JPA EntityManagerFactory for persistence unit 'default'
2021-05-30 08:25:23.901  WARN 27199 --- [main] JpaBaseConfiguration$JpaWebConfiguration : spring.jpa.open-in-view is enabled by default. Therefore, database queries may be performed during view rendering. Explicitly configure spring.jpa.open-in-view to disable this warning
2021-05-30 08:25:24.969  INFO 27199 --- [main] o.a.k.clients.consumer.ConsumerConfig    : ConsumerConfig values: 
	allow.auto.create.topics = true
	auto.commit.interval.ms = 5000
	auto.offset.reset = latest
	bootstrap.servers = [localhost:9092]
	check.crcs = true
	client.dns.lookup = use_all_dns_ips
	client.id = consumer-1212-1
	client.rack = 
	connections.max.idle.ms = 540000
	default.api.timeout.ms = 60000
	enable.auto.commit = false
	exclude.internal.topics = true
	fetch.max.bytes = 52428800
	fetch.max.wait.ms = 500
	fetch.min.bytes = 1
	group.id = 1212
	group.instance.id = null
	heartbeat.interval.ms = 3000
	interceptor.classes = []
	internal.leave.group.on.close = true
	internal.throw.on.fetch.stable.offset.unsupported = false
	isolation.level = read_uncommitted
	key.deserializer = class org.apache.kafka.common.serialization.StringDeserializer
	max.partition.fetch.bytes = 1048576
	max.poll.interval.ms = 300000
	max.poll.records = 500
	metadata.max.age.ms = 300000
	metric.reporters = []
	metrics.num.samples = 2
	metrics.recording.level = INFO
	metrics.sample.window.ms = 30000
	partition.assignment.strategy = [class org.apache.kafka.clients.consumer.RangeAssignor]
	receive.buffer.bytes = 65536
	reconnect.backoff.max.ms = 1000
	reconnect.backoff.ms = 50
	request.timeout.ms = 30000
	retry.backoff.ms = 100
	sasl.client.callback.handler.class = null
	sasl.jaas.config = null
	sasl.kerberos.kinit.cmd = /usr/bin/kinit
	sasl.kerberos.min.time.before.relogin = 60000
	sasl.kerberos.service.name = null
	sasl.kerberos.ticket.renew.jitter = 0.05
	sasl.kerberos.ticket.renew.window.factor = 0.8
	sasl.login.callback.handler.class = null
	sasl.login.class = null
	sasl.login.refresh.buffer.seconds = 300
	sasl.login.refresh.min.period.seconds = 60
	sasl.login.refresh.window.factor = 0.8
	sasl.login.refresh.window.jitter = 0.05
	sasl.mechanism = GSSAPI
	security.protocol = PLAINTEXT
	security.providers = null
	send.buffer.bytes = 131072
	session.timeout.ms = 10000
	socket.connection.setup.timeout.max.ms = 127000
	socket.connection.setup.timeout.ms = 10000
	ssl.cipher.suites = null
	ssl.enabled.protocols = [TLSv1.2]
	ssl.endpoint.identification.algorithm = https
	ssl.engine.factory.class = null
	ssl.key.password = null
	ssl.keymanager.algorithm = SunX509
	ssl.keystore.certificate.chain = null
	ssl.keystore.key = null
	ssl.keystore.location = null
	ssl.keystore.password = null
	ssl.keystore.type = JKS
	ssl.protocol = TLSv1.2
	ssl.provider = null
	ssl.secure.random.implementation = null
	ssl.trustmanager.algorithm = PKIX
	ssl.truststore.certificates = null
	ssl.truststore.location = null
	ssl.truststore.password = null
	ssl.truststore.type = JKS
	value.deserializer = class org.apache.kafka.common.serialization.StringDeserializer

2021-05-30 08:25:25.030  INFO 27199 --- [main] o.a.kafka.common.utils.AppInfoParser     : Kafka version: 2.7.1
2021-05-30 08:25:25.030  INFO 27199 --- [main] o.a.kafka.common.utils.AppInfoParser     : Kafka commitId: 61dbce85d0d41457
2021-05-30 08:25:25.030  INFO 27199 --- [main] o.a.kafka.common.utils.AppInfoParser     : Kafka startTimeMs: 1622381125029
2021-05-30 08:25:25.032  INFO 27199 --- [main] o.a.k.clients.consumer.KafkaConsumer     : [Consumer clientId=consumer-1212-1, groupId=1212] Subscribed to topic(s): asas
2021-05-30 08:25:25.150  INFO 27199 --- [main] o.s.b.w.embedded.tomcat.TomcatWebServer  : Tomcat started on port(s): 9081 (http) with context path '/api/v1'
2021-05-30 08:25:25.161  INFO 27199 --- [main] com.awesome.cab.cab.CabApplication       : Started CabApplication in 5.044 seconds (JVM running for 5.71)
2021-05-30 08:25:25.163  INFO 27199 --- [main] o.s.b.a.ApplicationAvailabilityBean      : Application availability state LivenessState changed to CORRECT
2021-05-30 08:25:25.165  INFO 27199 --- [main] o.s.b.a.ApplicationAvailabilityBean      : Application availability state ReadinessState changed to ACCEPTING_TRAFFIC
2021-05-30 08:25:25.584  WARN 27199 --- [org.springframework.kafka.KafkaListenerEndpointContainer#0-0-C-1] org.apache.kafka.clients.NetworkClient   : [Consumer clientId=consumer-1212-1, groupId=1212] Error while fetching metadata with correlation id 2 : {asas=LEADER_NOT_AVAILABLE}
2021-05-30 08:25:25.586  INFO 27199 --- [org.springframework.kafka.KafkaListenerEndpointContainer#0-0-C-1] org.apache.kafka.clients.Metadata        : [Consumer clientId=consumer-1212-1, groupId=1212] Cluster ID: CkY8Qnb5TFW8fzttoTvdbQ
2021-05-30 08:25:25.698  WARN 27199 --- [org.springframework.kafka.KafkaListenerEndpointContainer#0-0-C-1] org.apache.kafka.clients.NetworkClient   : [Consumer clientId=consumer-1212-1, groupId=1212] Error while fetching metadata with correlation id 4 : {asas=LEADER_NOT_AVAILABLE}
2021-05-30 08:25:25.835  WARN 27199 --- [org.springframework.kafka.KafkaListenerEndpointContainer#0-0-C-1] org.apache.kafka.clients.NetworkClient   : [Consumer clientId=consumer-1212-1, groupId=1212] Error while fetching metadata with correlation id 6 : {asas=LEADER_NOT_AVAILABLE}
2021-05-30 08:25:25.941  WARN 27199 --- [org.springframework.kafka.KafkaListenerEndpointContainer#0-0-C-1] org.apache.kafka.clients.NetworkClient   : [Consumer clientId=consumer-1212-1, groupId=1212] Error while fetching metadata with correlation id 8 : {asas=LEADER_NOT_AVAILABLE}
2021-05-30 08:25:26.584  INFO 27199 --- [org.springframework.kafka.KafkaListenerEndpointContainer#0-0-C-1] o.a.k.c.c.internals.AbstractCoordinator  : [Consumer clientId=consumer-1212-1, groupId=1212] Discovered group coordinator localhost:9092 (id: 2147482646 rack: null)
2021-05-30 08:25:26.586  INFO 27199 --- [org.springframework.kafka.KafkaListenerEndpointContainer#0-0-C-1] o.a.k.c.c.internals.AbstractCoordinator  : [Consumer clientId=consumer-1212-1, groupId=1212] (Re-)joining group
2021-05-30 08:25:26.615  INFO 27199 --- [org.springframework.kafka.KafkaListenerEndpointContainer#0-0-C-1] o.a.k.c.c.internals.AbstractCoordinator  : [Consumer clientId=consumer-1212-1, groupId=1212] (Re-)joining group
2021-05-30 08:25:26.640  INFO 27199 --- [org.springframework.kafka.KafkaListenerEndpointContainer#0-0-C-1] o.a.k.c.c.internals.AbstractCoordinator  : [Consumer clientId=consumer-1212-1, groupId=1212] Successfully joined group with generation Generation{generationId=1, memberId='consumer-1212-1-df045a9c-f60b-4f3c-81d1-b16c4c8788cb', protocol='range'}
2021-05-30 08:25:26.642  INFO 27199 --- [org.springframework.kafka.KafkaListenerEndpointContainer#0-0-C-1] o.a.k.c.c.internals.ConsumerCoordinator  : [Consumer clientId=consumer-1212-1, groupId=1212] Finished assignment for group at generation 1: {consumer-1212-1-df045a9c-f60b-4f3c-81d1-b16c4c8788cb=Assignment(partitions=[asas-0])}
2021-05-30 08:25:26.721  INFO 27199 --- [org.springframework.kafka.KafkaListenerEndpointContainer#0-0-C-1] o.a.k.c.c.internals.AbstractCoordinator  : [Consumer clientId=consumer-1212-1, groupId=1212] Successfully synced group in generation Generation{generationId=1, memberId='consumer-1212-1-df045a9c-f60b-4f3c-81d1-b16c4c8788cb', protocol='range'}
2021-05-30 08:25:26.723  INFO 27199 --- [org.springframework.kafka.KafkaListenerEndpointContainer#0-0-C-1] o.a.k.c.c.internals.ConsumerCoordinator  : [Consumer clientId=consumer-1212-1, groupId=1212] Notifying assignor about the new Assignment(partitions=[asas-0])
2021-05-30 08:25:26.725  INFO 27199 --- [org.springframework.kafka.KafkaListenerEndpointContainer#0-0-C-1] o.a.k.c.c.internals.ConsumerCoordinator  : [Consumer clientId=consumer-1212-1, groupId=1212] Adding newly assigned partitions: asas-0
2021-05-30 08:25:26.736  INFO 27199 --- [org.springframework.kafka.KafkaListenerEndpointContainer#0-0-C-1] o.a.k.c.c.internals.ConsumerCoordinator  : [Consumer clientId=consumer-1212-1, groupId=1212] Found no committed offset for partition asas-0
2021-05-30 08:25:26.741  INFO 27199 --- [org.springframework.kafka.KafkaListenerEndpointContainer#0-0-C-1] o.a.k.c.c.internals.ConsumerCoordinator  : [Consumer clientId=consumer-1212-1, groupId=1212] Found no committed offset for partition asas-0
2021-05-30 08:25:26.756  INFO 27199 --- [org.springframework.kafka.KafkaListenerEndpointContainer#0-0-C-1] o.a.k.c.c.internals.SubscriptionState    : [Consumer clientId=consumer-1212-1, groupId=1212] Resetting offset for partition asas-0 to position FetchPosition{offset=0, offsetEpoch=Optional.empty, currentLeader=LeaderAndEpoch{leader=Optional[localhost:9092 (id: 1001 rack: null)], epoch=0}}.
2021-05-30 08:25:26.775  INFO 27199 --- [org.springframework.kafka.KafkaListenerEndpointContainer#0-0-C-1] o.s.k.l.KafkaMessageListenerContainer    : 1212: partitions assigned: [asas-0]
2021-05-30 08:25:33.040  INFO 27199 --- [SpringContextShutdownHook] o.s.b.a.ApplicationAvailabilityBean      : Application availability state ReadinessState changed from ACCEPTING_TRAFFIC to REFUSING_TRAFFIC
2021-05-30 08:34:36.708  INFO 1991 --- [main] com.awesome.cab.cab.CabApplication       : Starting CabApplication using Java 1.8.0_272 on canela with PID 1991 (/home/d4p50n/projects/my_awesome_cab/cab_user/target/classes started by d4p50n in /home/d4p50n/projects/my_awesome_cab/cab_test)
2021-05-30 08:34:36.716  INFO 1991 --- [main] com.awesome.cab.cab.CabApplication       : No active profile set, falling back to default profiles: default
2021-05-30 08:34:36.838  WARN 1991 --- [background-preinit] o.s.h.c.j.Jackson2ObjectMapperBuilder    : For Jackson Kotlin classes support please add "com.fasterxml.jackson.module:jackson-module-kotlin" to the classpath
2021-05-30 08:34:37.700  INFO 1991 --- [main] .s.d.r.c.RepositoryConfigurationDelegate : Bootstrapping Spring Data JPA repositories in DEFAULT mode.
2021-05-30 08:34:37.737  INFO 1991 --- [main] .s.d.r.c.RepositoryConfigurationDelegate : Finished Spring Data repository scanning in 30 ms. Found 3 JPA repository interfaces.
2021-05-30 08:34:38.136  INFO 1991 --- [main] o.s.b.w.embedded.tomcat.TomcatWebServer  : Tomcat initialized with port(s): 9081 (http)
2021-05-30 08:34:38.142  INFO 1991 --- [main] o.apache.catalina.core.StandardService   : Starting service [Tomcat]
2021-05-30 08:34:38.142  INFO 1991 --- [main] org.apache.catalina.core.StandardEngine  : Starting Servlet engine: [Apache Tomcat/9.0.46]
2021-05-30 08:34:38.221  INFO 1991 --- [main] o.a.c.c.C.[.[localhost].[/api/v1]        : Initializing Spring embedded WebApplicationContext
2021-05-30 08:34:38.222  INFO 1991 --- [main] w.s.c.ServletWebServerApplicationContext : Root WebApplicationContext: initialization completed in 1397 ms
2021-05-30 08:34:38.350  INFO 1991 --- [main] o.hibernate.jpa.internal.util.LogHelper  : HHH000204: Processing PersistenceUnitInfo [name: default]
2021-05-30 08:34:38.384  INFO 1991 --- [main] org.hibernate.Version                    : HHH000412: Hibernate ORM core version 5.4.31.Final
2021-05-30 08:34:38.459  INFO 1991 --- [main] o.hibernate.annotations.common.Version   : HCANN000001: Hibernate Commons Annotations {5.1.2.Final}
2021-05-30 08:34:38.576  INFO 1991 --- [main] com.zaxxer.hikari.HikariDataSource       : HikariPool-1 - Starting...
2021-05-30 08:34:38.810  INFO 1991 --- [main] com.zaxxer.hikari.HikariDataSource       : HikariPool-1 - Start completed.
2021-05-30 08:34:38.818  INFO 1991 --- [main] org.hibernate.dialect.Dialect            : HHH000400: Using dialect: org.hibernate.dialect.MySQL5InnoDBDialect
2021-05-30 08:34:39.321  INFO 1991 --- [main] o.h.e.t.j.p.i.JtaPlatformInitiator       : HHH000490: Using JtaPlatform implementation: [org.hibernate.engine.transaction.jta.platform.internal.NoJtaPlatform]
2021-05-30 08:34:39.328  INFO 1991 --- [main] j.LocalContainerEntityManagerFactoryBean : Initialized JPA EntityManagerFactory for persistence unit 'default'
2021-05-30 08:34:39.797  WARN 1991 --- [main] JpaBaseConfiguration$JpaWebConfiguration : spring.jpa.open-in-view is enabled by default. Therefore, database queries may be performed during view rendering. Explicitly configure spring.jpa.open-in-view to disable this warning
2021-05-30 08:34:40.632  INFO 1991 --- [main] o.s.b.w.embedded.tomcat.TomcatWebServer  : Tomcat started on port(s): 9081 (http) with context path '/api/v1'
2021-05-30 08:34:40.640  INFO 1991 --- [main] com.awesome.cab.cab.CabApplication       : Started CabApplication in 4.349 seconds (JVM running for 4.896)
2021-05-30 08:34:40.641  INFO 1991 --- [main] o.s.b.a.ApplicationAvailabilityBean      : Application availability state LivenessState changed to CORRECT
2021-05-30 08:34:40.643  INFO 1991 --- [main] o.s.b.a.ApplicationAvailabilityBean      : Application availability state ReadinessState changed to ACCEPTING_TRAFFIC
2021-05-30 08:36:45.885  INFO 1991 --- [SpringContextShutdownHook] o.s.b.a.ApplicationAvailabilityBean      : Application availability state ReadinessState changed from ACCEPTING_TRAFFIC to REFUSING_TRAFFIC
2021-05-30 08:36:48.283  INFO 3890 --- [main] com.awesome.cab.cab.CabApplication       : Starting CabApplication using Java 1.8.0_272 on canela with PID 3890 (/home/d4p50n/projects/my_awesome_cab/cab_user/target/classes started by d4p50n in /home/d4p50n/projects/my_awesome_cab/cab_test)
2021-05-30 08:36:48.285  INFO 3890 --- [main] com.awesome.cab.cab.CabApplication       : No active profile set, falling back to default profiles: default
2021-05-30 08:36:48.378  WARN 3890 --- [background-preinit] o.s.h.c.j.Jackson2ObjectMapperBuilder    : For Jackson Kotlin classes support please add "com.fasterxml.jackson.module:jackson-module-kotlin" to the classpath
2021-05-30 08:36:49.234  INFO 3890 --- [main] .s.d.r.c.RepositoryConfigurationDelegate : Bootstrapping Spring Data JPA repositories in DEFAULT mode.
2021-05-30 08:36:49.273  INFO 3890 --- [main] .s.d.r.c.RepositoryConfigurationDelegate : Finished Spring Data repository scanning in 32 ms. Found 3 JPA repository interfaces.
2021-05-30 08:36:49.697  INFO 3890 --- [main] o.s.b.w.embedded.tomcat.TomcatWebServer  : Tomcat initialized with port(s): 9081 (http)
2021-05-30 08:36:49.702  INFO 3890 --- [main] o.apache.catalina.core.StandardService   : Starting service [Tomcat]
2021-05-30 08:36:49.703  INFO 3890 --- [main] org.apache.catalina.core.StandardEngine  : Starting Servlet engine: [Apache Tomcat/9.0.46]
2021-05-30 08:36:49.770  INFO 3890 --- [main] o.a.c.c.C.[.[localhost].[/api/v1]        : Initializing Spring embedded WebApplicationContext
2021-05-30 08:36:49.770  INFO 3890 --- [main] w.s.c.ServletWebServerApplicationContext : Root WebApplicationContext: initialization completed in 1428 ms
2021-05-30 08:36:49.880  INFO 3890 --- [main] o.hibernate.jpa.internal.util.LogHelper  : HHH000204: Processing PersistenceUnitInfo [name: default]
2021-05-30 08:36:49.908  INFO 3890 --- [main] org.hibernate.Version                    : HHH000412: Hibernate ORM core version 5.4.31.Final
2021-05-30 08:36:49.981  INFO 3890 --- [main] o.hibernate.annotations.common.Version   : HCANN000001: Hibernate Commons Annotations {5.1.2.Final}
2021-05-30 08:36:50.096  INFO 3890 --- [main] com.zaxxer.hikari.HikariDataSource       : HikariPool-1 - Starting...
2021-05-30 08:36:50.314  INFO 3890 --- [main] com.zaxxer.hikari.HikariDataSource       : HikariPool-1 - Start completed.
2021-05-30 08:36:50.322  INFO 3890 --- [main] org.hibernate.dialect.Dialect            : HHH000400: Using dialect: org.hibernate.dialect.MySQL5InnoDBDialect
2021-05-30 08:36:50.810  INFO 3890 --- [main] o.h.e.t.j.p.i.JtaPlatformInitiator       : HHH000490: Using JtaPlatform implementation: [org.hibernate.engine.transaction.jta.platform.internal.NoJtaPlatform]
2021-05-30 08:36:50.817  INFO 3890 --- [main] j.LocalContainerEntityManagerFactoryBean : Initialized JPA EntityManagerFactory for persistence unit 'default'
2021-05-30 08:36:51.290  WARN 3890 --- [main] JpaBaseConfiguration$JpaWebConfiguration : spring.jpa.open-in-view is enabled by default. Therefore, database queries may be performed during view rendering. Explicitly configure spring.jpa.open-in-view to disable this warning
2021-05-30 08:36:52.172  INFO 3890 --- [main] o.s.b.w.embedded.tomcat.TomcatWebServer  : Tomcat started on port(s): 9081 (http) with context path '/api/v1'
2021-05-30 08:36:52.181  INFO 3890 --- [main] com.awesome.cab.cab.CabApplication       : Started CabApplication in 4.303 seconds (JVM running for 5.206)
2021-05-30 08:36:52.182  INFO 3890 --- [main] o.s.b.a.ApplicationAvailabilityBean      : Application availability state LivenessState changed to CORRECT
2021-05-30 08:36:52.183  INFO 3890 --- [main] o.s.b.a.ApplicationAvailabilityBean      : Application availability state ReadinessState changed to ACCEPTING_TRAFFIC
2021-05-30 08:37:28.949  INFO 4468 --- [main] com.awesome.cab.cab.CabApplication       : Starting CabApplication using Java 1.8.0_272 on canela with PID 4468 (/home/d4p50n/projects/my_awesome_cab/cab_user/target/classes started by d4p50n in /home/d4p50n/projects/my_awesome_cab/cab_test)
2021-05-30 08:37:28.952  INFO 4468 --- [main] com.awesome.cab.cab.CabApplication       : No active profile set, falling back to default profiles: default
2021-05-30 08:37:29.130  WARN 4468 --- [background-preinit] o.s.h.c.j.Jackson2ObjectMapperBuilder    : For Jackson Kotlin classes support please add "com.fasterxml.jackson.module:jackson-module-kotlin" to the classpath
2021-05-30 08:37:29.917  INFO 4468 --- [main] .s.d.r.c.RepositoryConfigurationDelegate : Bootstrapping Spring Data JPA repositories in DEFAULT mode.
2021-05-30 08:37:29.958  INFO 4468 --- [main] .s.d.r.c.RepositoryConfigurationDelegate : Finished Spring Data repository scanning in 34 ms. Found 3 JPA repository interfaces.
2021-05-30 08:37:30.387  INFO 4468 --- [main] o.s.b.w.embedded.tomcat.TomcatWebServer  : Tomcat initialized with port(s): 9081 (http)
2021-05-30 08:37:30.393  INFO 4468 --- [main] o.apache.catalina.core.StandardService   : Starting service [Tomcat]
2021-05-30 08:37:30.394  INFO 4468 --- [main] org.apache.catalina.core.StandardEngine  : Starting Servlet engine: [Apache Tomcat/9.0.46]
2021-05-30 08:37:30.461  INFO 4468 --- [main] o.a.c.c.C.[.[localhost].[/api/v1]        : Initializing Spring embedded WebApplicationContext
2021-05-30 08:37:30.461  INFO 4468 --- [main] w.s.c.ServletWebServerApplicationContext : Root WebApplicationContext: initialization completed in 1446 ms
2021-05-30 08:37:30.584  INFO 4468 --- [main] o.hibernate.jpa.internal.util.LogHelper  : HHH000204: Processing PersistenceUnitInfo [name: default]
2021-05-30 08:37:30.618  INFO 4468 --- [main] org.hibernate.Version                    : HHH000412: Hibernate ORM core version 5.4.31.Final
2021-05-30 08:37:30.704  INFO 4468 --- [main] o.hibernate.annotations.common.Version   : HCANN000001: Hibernate Commons Annotations {5.1.2.Final}
2021-05-30 08:37:30.818  INFO 4468 --- [main] com.zaxxer.hikari.HikariDataSource       : HikariPool-1 - Starting...
2021-05-30 08:37:31.054  INFO 4468 --- [main] com.zaxxer.hikari.HikariDataSource       : HikariPool-1 - Start completed.
2021-05-30 08:37:31.063  INFO 4468 --- [main] org.hibernate.dialect.Dialect            : HHH000400: Using dialect: org.hibernate.dialect.MySQL5InnoDBDialect
2021-05-30 08:37:31.560  INFO 4468 --- [main] o.h.e.t.j.p.i.JtaPlatformInitiator       : HHH000490: Using JtaPlatform implementation: [org.hibernate.engine.transaction.jta.platform.internal.NoJtaPlatform]
2021-05-30 08:37:31.567  INFO 4468 --- [main] j.LocalContainerEntityManagerFactoryBean : Initialized JPA EntityManagerFactory for persistence unit 'default'
2021-05-30 08:37:32.043  WARN 4468 --- [main] JpaBaseConfiguration$JpaWebConfiguration : spring.jpa.open-in-view is enabled by default. Therefore, database queries may be performed during view rendering. Explicitly configure spring.jpa.open-in-view to disable this warning
2021-05-30 08:37:33.148  INFO 4468 --- [main] o.s.b.w.embedded.tomcat.TomcatWebServer  : Tomcat started on port(s): 9081 (http) with context path '/api/v1'
2021-05-30 08:37:33.156  INFO 4468 --- [main] com.awesome.cab.cab.CabApplication       : Started CabApplication in 4.586 seconds (JVM running for 5.134)
2021-05-30 08:37:33.157  INFO 4468 --- [main] o.s.b.a.ApplicationAvailabilityBean      : Application availability state LivenessState changed to CORRECT
2021-05-30 08:37:33.159  INFO 4468 --- [main] o.s.b.a.ApplicationAvailabilityBean      : Application availability state ReadinessState changed to ACCEPTING_TRAFFIC
2021-05-30 09:22:15.449  INFO 8776 --- [main] com.awesome.cab.cab.CabUserApplication   : Starting CabUserApplication using Java 1.8.0_272 on canela with PID 8776 (/home/d4p50n/projects/my_awesome_cab/cab_user/target/classes started by d4p50n in /home/d4p50n/projects/my_awesome_cab/cab_test)
2021-05-30 09:22:15.452  INFO 8776 --- [main] com.awesome.cab.cab.CabUserApplication   : No active profile set, falling back to default profiles: default
2021-05-30 09:22:15.624  WARN 8776 --- [background-preinit] o.s.h.c.j.Jackson2ObjectMapperBuilder    : For Jackson Kotlin classes support please add "com.fasterxml.jackson.module:jackson-module-kotlin" to the classpath
2021-05-30 09:22:16.190  INFO 8776 --- [main] .s.d.r.c.RepositoryConfigurationDelegate : Bootstrapping Spring Data JPA repositories in DEFAULT mode.
2021-05-30 09:22:16.227  INFO 8776 --- [main] .s.d.r.c.RepositoryConfigurationDelegate : Finished Spring Data repository scanning in 30 ms. Found 3 JPA repository interfaces.
2021-05-30 09:22:16.626  INFO 8776 --- [main] o.s.b.w.embedded.tomcat.TomcatWebServer  : Tomcat initialized with port(s): 9081 (http)
2021-05-30 09:22:16.632  INFO 8776 --- [main] o.apache.catalina.core.StandardService   : Starting service [Tomcat]
2021-05-30 09:22:16.632  INFO 8776 --- [main] org.apache.catalina.core.StandardEngine  : Starting Servlet engine: [Apache Tomcat/9.0.46]
2021-05-30 09:22:16.696  INFO 8776 --- [main] o.a.c.c.C.[.[localhost].[/api/v1]        : Initializing Spring embedded WebApplicationContext
2021-05-30 09:22:16.696  INFO 8776 --- [main] w.s.c.ServletWebServerApplicationContext : Root WebApplicationContext: initialization completed in 1185 ms
2021-05-30 09:22:16.808  INFO 8776 --- [main] o.hibernate.jpa.internal.util.LogHelper  : HHH000204: Processing PersistenceUnitInfo [name: default]
2021-05-30 09:22:16.839  INFO 8776 --- [main] org.hibernate.Version                    : HHH000412: Hibernate ORM core version 5.4.31.Final
2021-05-30 09:22:16.924  INFO 8776 --- [main] o.hibernate.annotations.common.Version   : HCANN000001: Hibernate Commons Annotations {5.1.2.Final}
2021-05-30 09:22:17.038  INFO 8776 --- [main] com.zaxxer.hikari.HikariDataSource       : HikariPool-1 - Starting...
2021-05-30 09:22:17.260  INFO 8776 --- [main] com.zaxxer.hikari.HikariDataSource       : HikariPool-1 - Start completed.
2021-05-30 09:22:17.267  INFO 8776 --- [main] org.hibernate.dialect.Dialect            : HHH000400: Using dialect: org.hibernate.dialect.MySQL5InnoDBDialect
2021-05-30 09:22:17.759  INFO 8776 --- [main] o.h.e.t.j.p.i.JtaPlatformInitiator       : HHH000490: Using JtaPlatform implementation: [org.hibernate.engine.transaction.jta.platform.internal.NoJtaPlatform]
2021-05-30 09:22:17.766  INFO 8776 --- [main] j.LocalContainerEntityManagerFactoryBean : Initialized JPA EntityManagerFactory for persistence unit 'default'
2021-05-30 09:22:18.232  WARN 8776 --- [main] JpaBaseConfiguration$JpaWebConfiguration : spring.jpa.open-in-view is enabled by default. Therefore, database queries may be performed during view rendering. Explicitly configure spring.jpa.open-in-view to disable this warning
2021-05-30 09:22:19.024  INFO 8776 --- [main] o.s.b.w.embedded.tomcat.TomcatWebServer  : Tomcat started on port(s): 9081 (http) with context path '/api/v1'
2021-05-30 09:22:19.032  INFO 8776 --- [main] com.awesome.cab.cab.CabUserApplication   : Started CabUserApplication in 3.981 seconds (JVM running for 4.531)
2021-05-30 09:22:19.033  INFO 8776 --- [main] o.s.b.a.ApplicationAvailabilityBean      : Application availability state LivenessState changed to CORRECT
2021-05-30 09:22:19.035  INFO 8776 --- [main] o.s.b.a.ApplicationAvailabilityBean      : Application availability state ReadinessState changed to ACCEPTING_TRAFFIC
2021-05-30 09:23:04.710  INFO 8776 --- [http-nio-9081-exec-1] o.a.c.c.C.[.[localhost].[/api/v1]        : Initializing Spring DispatcherServlet 'dispatcherServlet'
2021-05-30 09:23:04.710  INFO 8776 --- [http-nio-9081-exec-1] o.s.web.servlet.DispatcherServlet        : Initializing Servlet 'dispatcherServlet'
2021-05-30 09:23:04.712  INFO 8776 --- [http-nio-9081-exec-1] o.s.web.servlet.DispatcherServlet        : Completed initialization in 2 ms
2021-05-30 09:23:04.966  INFO 8776 --- [http-nio-9081-exec-1] com.awesome.cab.cab.CabUserRunner        : geo location added successfully
2021-05-30 09:44:21.526  INFO 8776 --- [SpringContextShutdownHook] o.s.b.a.ApplicationAvailabilityBean      : Application availability state ReadinessState changed from ACCEPTING_TRAFFIC to REFUSING_TRAFFIC
2021-05-30 10:45:45.326  INFO 12780 --- [main] com.awesome.cab.cab.CabUserApplication   : Starting CabUserApplication using Java 1.8.0_272 on canela with PID 12780 (/home/d4p50n/projects/my_awesome_cab/cab_user/target/classes started by d4p50n in /home/d4p50n/projects/my_awesome_cab/cab_test)
2021-05-30 10:45:45.329  INFO 12780 --- [main] com.awesome.cab.cab.CabUserApplication   : No active profile set, falling back to default profiles: default
2021-05-30 10:45:45.391  WARN 12780 --- [background-preinit] o.s.h.c.j.Jackson2ObjectMapperBuilder    : For Jackson Kotlin classes support please add "com.fasterxml.jackson.module:jackson-module-kotlin" to the classpath
2021-05-30 10:45:46.155  INFO 12780 --- [main] .s.d.r.c.RepositoryConfigurationDelegate : Bootstrapping Spring Data JPA repositories in DEFAULT mode.
2021-05-30 10:45:46.194  INFO 12780 --- [main] .s.d.r.c.RepositoryConfigurationDelegate : Finished Spring Data repository scanning in 33 ms. Found 3 JPA repository interfaces.
2021-05-30 10:45:46.567  INFO 12780 --- [main] o.s.b.w.embedded.tomcat.TomcatWebServer  : Tomcat initialized with port(s): 9081 (http)
2021-05-30 10:45:46.573  INFO 12780 --- [main] o.apache.catalina.core.StandardService   : Starting service [Tomcat]
2021-05-30 10:45:46.573  INFO 12780 --- [main] org.apache.catalina.core.StandardEngine  : Starting Servlet engine: [Apache Tomcat/9.0.46]
2021-05-30 10:45:46.647  INFO 12780 --- [main] o.a.c.c.C.[.[localhost].[/api/v1]        : Initializing Spring embedded WebApplicationContext
2021-05-30 10:45:46.647  INFO 12780 --- [main] w.s.c.ServletWebServerApplicationContext : Root WebApplicationContext: initialization completed in 1260 ms
2021-05-30 10:45:46.790  INFO 12780 --- [main] o.hibernate.jpa.internal.util.LogHelper  : HHH000204: Processing PersistenceUnitInfo [name: default]
2021-05-30 10:45:46.821  INFO 12780 --- [main] org.hibernate.Version                    : HHH000412: Hibernate ORM core version 5.4.31.Final
2021-05-30 10:45:46.917  INFO 12780 --- [main] o.hibernate.annotations.common.Version   : HCANN000001: Hibernate Commons Annotations {5.1.2.Final}
2021-05-30 10:45:47.060  INFO 12780 --- [main] com.zaxxer.hikari.HikariDataSource       : HikariPool-1 - Starting...
2021-05-30 10:45:47.376  INFO 12780 --- [main] com.zaxxer.hikari.HikariDataSource       : HikariPool-1 - Start completed.
2021-05-30 10:45:47.387  INFO 12780 --- [main] org.hibernate.dialect.Dialect            : HHH000400: Using dialect: org.hibernate.dialect.MySQL5InnoDBDialect
2021-05-30 10:45:48.112  INFO 12780 --- [main] o.h.e.t.j.p.i.JtaPlatformInitiator       : HHH000490: Using JtaPlatform implementation: [org.hibernate.engine.transaction.jta.platform.internal.NoJtaPlatform]
2021-05-30 10:45:48.121  INFO 12780 --- [main] j.LocalContainerEntityManagerFactoryBean : Initialized JPA EntityManagerFactory for persistence unit 'default'
2021-05-30 10:45:48.904  WARN 12780 --- [main] JpaBaseConfiguration$JpaWebConfiguration : spring.jpa.open-in-view is enabled by default. Therefore, database queries may be performed during view rendering. Explicitly configure spring.jpa.open-in-view to disable this warning
2021-05-30 10:45:50.317  INFO 12780 --- [main] o.s.b.w.embedded.tomcat.TomcatWebServer  : Tomcat started on port(s): 9081 (http) with context path '/api/v1'
2021-05-30 10:45:50.326  INFO 12780 --- [main] com.awesome.cab.cab.CabUserApplication   : Started CabUserApplication in 5.419 seconds (JVM running for 5.965)
2021-05-30 10:45:50.327  INFO 12780 --- [main] o.s.b.a.ApplicationAvailabilityBean      : Application availability state LivenessState changed to CORRECT
2021-05-30 10:45:50.328  INFO 12780 --- [main] o.s.b.a.ApplicationAvailabilityBean      : Application availability state ReadinessState changed to ACCEPTING_TRAFFIC
2021-05-30 10:46:07.940  INFO 12780 --- [http-nio-9081-exec-1] o.a.c.c.C.[.[localhost].[/api/v1]        : Initializing Spring DispatcherServlet 'dispatcherServlet'
2021-05-30 10:46:07.941  INFO 12780 --- [http-nio-9081-exec-1] o.s.web.servlet.DispatcherServlet        : Initializing Servlet 'dispatcherServlet'
2021-05-30 10:46:07.943  INFO 12780 --- [http-nio-9081-exec-1] o.s.web.servlet.DispatcherServlet        : Completed initialization in 2 ms
2021-05-30 10:46:08.203  INFO 12780 --- [http-nio-9081-exec-1] com.awesome.cab.cab.CabUserRunner        : geo location added successfully
2021-05-30 11:18:09.829  INFO 12780 --- [http-nio-9081-exec-9] com.awesome.cab.cab.CabUserRunner        : geo location added successfully
2021-05-30 11:49:19.419  INFO 12780 --- [SpringContextShutdownHook] o.s.b.a.ApplicationAvailabilityBean      : Application availability state ReadinessState changed from ACCEPTING_TRAFFIC to REFUSING_TRAFFIC
